Arguments: 
  /Users/sgnoo/.nvm/versions/node/v16.14.2/bin/node /Users/sgnoo/.node/corepack/yarn/1.22.15/bin/yarn.js init -t

PATH: 
  /Users/sgnoo/anaconda3/bin:/Users/sgnoo/anaconda3/condabin:/Users/sgnoo/.gem/ruby/3.1.3/bin:/Users/sgnoo/.rubies/ruby-3.1.3/lib/ruby/gems/3.1.0/bin:/Users/sgnoo/.rubies/ruby-3.1.3/bin:/Users/sgnoo/.nvm/versions/node/v16.14.2/bin:/opt/homebrew/bin:/opt/homebrew/sbin:/usr/local/bin:/System/Cryptexes/App/usr/bin:/usr/bin:/bin:/usr/sbin:/sbin:/usr/local/go/bin:/Library/Apple/usr/bin:/Users/sgnoo/.foundry/bin

Yarn version: 
  1.22.15

Node version: 
  16.14.2

Platform: 
  darwin arm64

Trace: 
  Error: canceled
      at Interface.<anonymous> (/Users/sgnoo/.node/corepack/yarn/1.22.15/lib/cli.js:137145:13)
      at Interface.emit (node:events:526:28)
      at Interface._ttyWrite (node:readline:1081:16)
      at ReadStream.onkeypress (node:readline:288:10)
      at ReadStream.emit (node:events:526:28)
      at emitKeys (node:internal/readline/utils:358:14)
      at emitKeys.next (<anonymous>)
      at ReadStream.onData (node:internal/readline/emitKeypressEvents:61:36)
      at ReadStream.emit (node:events:526:28)
      at addChunk (node:internal/streams/readable:315:12)

npm manifest: 
  No manifest

yarn manifest: 
  No manifest

Lockfile: 
  No lockfile
